# JRE version: OpenJDK Runtime Environment GraalVM CE 22.3.0 (17.0.5+8) (build 17.0.5+8-jvmci-22.3-b08)
# Java VM: OpenJDK 64-Bit Server VM GraalVM CE 22.3.0 (17.0.5+8-jvmci-22.3-b08, mixed mode, sharing, tiered, jvmci, jvmci compiler, compressed oops, compressed class ptrs, parallel gc, linux-amd64)
GC Precious Log:
 CPUs: 8 total, 1 available
 Memory: 1024M
 Large Page Support: Disabled
 NUMA Support: Disabled
 Compressed Oops: Enabled (32-bit)
 Alignments: Space 512K, Generation 512K, Heap 2M
 Heap Min Capacity: 100M
 Heap Initial Capacity: 100M
 Heap Max Capacity: 512M
 Pre-touch: Disabled
 Parallel Workers: 1
Heap:
 PSYoungGen      total 49152K, used 26111K [0x00000000f5580000, 0x00000000fa100000, 0x0000000100000000)
  eden space 26112K, 99% used [0x00000000f5580000,0x00000000f6effff8,0x00000000f6f00000)
  from space 23040K, 0% used [0x00000000f8a80000,0x00000000f8a80000,0x00000000fa100000)
  to   space 25088K, 0% used [0x00000000f6f00000,0x00000000f6f00000,0x00000000f8780000)
 ParOldGen       total 349696K, used 349695K [0x00000000e0000000, 0x00000000f5580000, 0x00000000f5580000)
  object space 349696K, 99% used [0x00000000e0000000,0x00000000f557ff80,0x00000000f5580000)
 Metaspace       used 56810K, committed 57728K, reserved 1105920K
  class space    used 5586K, committed 5952K, reserved 1048576K
GC Heap History (20 events):
Event: 1009.734 GC heap before
{Heap before GC invocations=676 (full 590):
 PSYoungGen      total 49152K, used 26111K [0x00000000f5580000, 0x00000000fa100000, 0x0000000100000000)
  eden space 26112K, 99% used [0x00000000f5580000,0x00000000f6effff8,0x00000000f6f00000)
  from space 23040K, 0% used [0x00000000f8a80000,0x00000000f8a80000,0x00000000fa100000)
  to   space 25088K, 0% used [0x00000000f6f00000,0x00000000f6f00000,0x00000000f8780000)
 ParOldGen       total 349696K, used 349690K [0x00000000e0000000, 0x00000000f5580000, 0x00000000f5580000)
  object space 349696K, 99% used [0x00000000e0000000,0x00000000f557e8d0,0x00000000f5580000)
 Metaspace       used 56810K, committed 57728K, reserved 1105920K
  class space    used 5586K, committed 5952K, reserved 1048576K
}
Event: 1011.119 GC heap after
{Heap after GC invocations=676 (full 590):
 PSYoungGen      total 51200K, used 26111K [0x00000000f5580000, 0x00000000fa100000, 0x0000000100000000)
  eden space 26112K, 99% used [0x00000000f5580000,0x00000000f6efffd8,0x00000000f6f00000)
  from space 25088K, 0% used [0x00000000f6f00000,0x00000000f6f00000,0x00000000f8780000)
  to   space 23040K, 0% used [0x00000000f8a80000,0x00000000f8a80000,0x00000000fa100000)
 ParOldGen       total 349696K, used 349689K [0x00000000e0000000, 0x00000000f5580000, 0x00000000f5580000)
  object space 349696K, 99% used [0x00000000e0000000,0x00000000f557e6c8,0x00000000f5580000)
 Metaspace       used 56810K, committed 57728K, reserved 1105920K
  class space    used 5586K, committed 5952K, reserved 1048576K
}
Event: 1011.173 GC heap before
{Heap before GC invocations=677 (full 591):
 PSYoungGen      total 51200K, used 26111K [0x00000000f5580000, 0x00000000fa100000, 0x0000000100000000)
  eden space 26112K, 99% used [0x00000000f5580000,0x00000000f6effff0,0x00000000f6f00000)
  from space 25088K, 0% used [0x00000000f6f00000,0x00000000f6f00000,0x00000000f8780000)
  to   space 23040K, 0% used [0x00000000f8a80000,0x00000000f8a80000,0x00000000fa100000)
 ParOldGen       total 349696K, used 349689K [0x00000000e0000000, 0x00000000f5580000, 0x00000000f5580000)
  object space 349696K, 99% used [0x00000000e0000000,0x00000000f557e6c8,0x00000000f5580000)
 Metaspace       used 56810K, committed 57728K, reserved 1105920K
  class space    used 5586K, committed 5952K, reserved 1048576K
}
Event: 1012.610 GC heap after
{Heap after GC invocations=677 (full 591):
 PSYoungGen      total 49152K, used 26111K [0x00000000f5580000, 0x00000000fa100000, 0x0000000100000000)
  eden space 26112K, 99% used [0x00000000f5580000,0x00000000f6efffd8,0x00000000f6f00000)
  from space 23040K, 0% used [0x00000000f8a80000,0x00000000f8a80000,0x00000000fa100000)
  to   space 25088K, 0% used [0x00000000f6f00000,0x00000000f6f00000,0x00000000f8780000)
 ParOldGen       total 349696K, used 349689K [0x00000000e0000000, 0x00000000f5580000, 0x00000000f5580000)
  object space 349696K, 99% used [0x00000000e0000000,0x00000000f557e6a8,0x00000000f5580000)
 Metaspace       used 56810K, committed 57728K, reserved 1105920K
  class space    used 5586K, committed 5952K, reserved 1048576K
}
Event: 1012.615 GC heap before
{Heap before GC invocations=678 (full 592):
 PSYoungGen      total 49152K, used 26111K [0x00000000f5580000, 0x00000000fa100000, 0x0000000100000000)
  eden space 26112K, 99% used [0x00000000f5580000,0x00000000f6effff8,0x00000000f6f00000)
  from space 23040K, 0% used [0x00000000f8a80000,0x00000000f8a80000,0x00000000fa100000)
  to   space 25088K, 0% used [0x00000000f6f00000,0x00000000f6f00000,0x00000000f8780000)
 ParOldGen       total 349696K, used 349689K [0x00000000e0000000, 0x00000000f5580000, 0x00000000f5580000)
  object space 349696K, 99% used [0x00000000e0000000,0x00000000f557e6a8,0x00000000f5580000)
 Metaspace       used 56810K, committed 57728K, reserved 1105920K
  class space    used 5586K, committed 5952K, reserved 1048576K
}
Event: 1014.104 GC heap after
{Heap after GC invocations=678 (full 592):
 PSYoungGen      total 51200K, used 26111K [0x00000000f5580000, 0x00000000fa100000, 0x0000000100000000)
  eden space 26112K, 99% used [0x00000000f5580000,0x00000000f6effff8,0x00000000f6f00000)
  from space 25088K, 0% used [0x00000000f6f00000,0x00000000f6f00000,0x00000000f8780000)
  to   space 23040K, 0% used [0x00000000f8a80000,0x00000000f8a80000,0x00000000fa100000)
 ParOldGen       total 349696K, used 349689K [0x00000000e0000000, 0x00000000f5580000, 0x00000000f5580000)
  object space 349696K, 99% used [0x00000000e0000000,0x00000000f557e690,0x00000000f5580000)
 Metaspace       used 56810K, committed 57728K, reserved 1105920K
  class space    used 5586K, committed 5952K, reserved 1048576K
}
Event: 1014.105 GC heap before
{Heap before GC invocations=679 (full 593):
 PSYoungGen      total 51200K, used 26111K [0x00000000f5580000, 0x00000000fa100000, 0x0000000100000000)
  eden space 26112K, 99% used [0x00000000f5580000,0x00000000f6effff8,0x00000000f6f00000)
  from space 25088K, 0% used [0x00000000f6f00000,0x00000000f6f00000,0x00000000f8780000)
  to   space 23040K, 0% used [0x00000000f8a80000,0x00000000f8a80000,0x00000000fa100000)
 ParOldGen       total 349696K, used 349691K [0x00000000e0000000, 0x00000000f5580000, 0x00000000f5580000)
  object space 349696K, 99% used [0x00000000e0000000,0x00000000f557ee10,0x00000000f5580000)
 Metaspace       used 56810K, committed 57728K, reserved 1105920K
  class space    used 5586K, committed 5952K, reserved 1048576K
}
Event: 1015.485 GC heap after
{Heap after GC invocations=679 (full 593):
 PSYoungGen      total 49152K, used 26111K [0x00000000f5580000, 0x00000000fa100000, 0x0000000100000000)
  eden space 26112K, 99% used [0x00000000f5580000,0x00000000f6effff8,0x00000000f6f00000)
  from space 23040K, 0% used [0x00000000f8a80000,0x00000000f8a80000,0x00000000fa100000)
  to   space 25088K, 0% used [0x00000000f6f00000,0x00000000f6f00000,0x00000000f8780000)
 ParOldGen       total 349696K, used 349691K [0x00000000e0000000, 0x00000000f5580000, 0x00000000f5580000)
  object space 349696K, 99% used [0x00000000e0000000,0x00000000f557ec50,0x00000000f5580000)
 Metaspace       used 56810K, committed 57728K, reserved 1105920K
  class space    used 5586K, committed 5952K, reserved 1048576K
}
Event: 1015.485 GC heap before
{Heap before GC invocations=680 (full 594):
 PSYoungGen      total 49152K, used 26111K [0x00000000f5580000, 0x00000000fa100000, 0x0000000100000000)
  eden space 26112K, 99% used [0x00000000f5580000,0x00000000f6effff8,0x00000000f6f00000)
  from space 23040K, 0% used [0x00000000f8a80000,0x00000000f8a80000,0x00000000fa100000)
  to   space 25088K, 0% used [0x00000000f6f00000,0x00000000f6f00000,0x00000000f8780000)
 ParOldGen       total 349696K, used 349692K [0x00000000e0000000, 0x00000000f5580000, 0x00000000f5580000)
  object space 349696K, 99% used [0x00000000e0000000,0x00000000f557f110,0x00000000f5580000)
 Metaspace       used 56810K, committed 57728K, reserved 1105920K
  class space    used 5586K, committed 5952K, reserved 1048576K
}
Event: 1016.910 GC heap after
{Heap after GC invocations=680 (full 594):
 PSYoungGen      total 51200K, used 26111K [0x00000000f5580000, 0x00000000fa100000, 0x0000000100000000)
  eden space 26112K, 99% used [0x00000000f5580000,0x00000000f6effff8,0x00000000f6f00000)
  from space 25088K, 0% used [0x00000000f6f00000,0x00000000f6f00000,0x00000000f8780000)
  to   space 23040K, 0% used [0x00000000f8a80000,0x00000000f8a80000,0x00000000fa100000)
 ParOldGen       total 349696K, used 349691K [0x00000000e0000000, 0x00000000f5580000, 0x00000000f5580000)
  object space 349696K, 99% used [0x00000000e0000000,0x00000000f557ee30,0x00000000f5580000)
 Metaspace       used 56810K, committed 57728K, reserved 1105920K
  class space    used 5586K, committed 5952K, reserved 1048576K
}
Event: 1016.913 GC heap before
{Heap before GC invocations=681 (full 595):
 PSYoungGen      total 51200K, used 26111K [0x00000000f5580000, 0x00000000fa100000, 0x0000000100000000)
  eden space 26112K, 99% used [0x00000000f5580000,0x00000000f6effff8,0x00000000f6f00000)
  from space 25088K, 0% used [0x00000000f6f00000,0x00000000f6f00000,0x00000000f8780000)
  to   space 23040K, 0% used [0x00000000f8a80000,0x00000000f8a80000,0x00000000fa100000)
 ParOldGen       total 349696K, used 349695K [0x00000000e0000000, 0x00000000f5580000, 0x00000000f5580000)
  object space 349696K, 99% used [0x00000000e0000000,0x00000000f557fd18,0x00000000f5580000)
 Metaspace       used 56810K, committed 57728K, reserved 1105920K
  class space    used 5586K, committed 5952K, reserved 1048576K
}
Event: 1018.411 GC heap after
{Heap after GC invocations=681 (full 595):
 PSYoungGen      total 49152K, used 26111K [0x00000000f5580000, 0x00000000fa100000, 0x0000000100000000)
  eden space 26112K, 99% used [0x00000000f5580000,0x00000000f6effff8,0x00000000f6f00000)
  from space 23040K, 0% used [0x00000000f8a80000,0x00000000f8a80000,0x00000000fa100000)
  to   space 25088K, 0% used [0x00000000f6f00000,0x00000000f6f00000,0x00000000f8780000)
 ParOldGen       total 349696K, used 349694K [0x00000000e0000000, 0x00000000f5580000, 0x00000000f5580000)
  object space 349696K, 99% used [0x00000000e0000000,0x00000000f557fb50,0x00000000f5580000)
 Metaspace       used 56810K, committed 57728K, reserved 1105920K
  class space    used 5586K, committed 5952K, reserved 1048576K
}
Event: 1018.411 GC heap before
{Heap before GC invocations=682 (full 596):
 PSYoungGen      total 49152K, used 26111K [0x00000000f5580000, 0x00000000fa100000, 0x0000000100000000)
  eden space 26112K, 99% used [0x00000000f5580000,0x00000000f6effff8,0x00000000f6f00000)
  from space 23040K, 0% used [0x00000000f8a80000,0x00000000f8a80000,0x00000000fa100000)
  to   space 25088K, 0% used [0x00000000f6f00000,0x00000000f6f00000,0x00000000f8780000)
 ParOldGen       total 349696K, used 349695K [0x00000000e0000000, 0x00000000f5580000, 0x00000000f5580000)
  object space 349696K, 99% used [0x00000000e0000000,0x00000000f557fff8,0x00000000f5580000)
 Metaspace       used 56810K, committed 57728K, reserved 1105920K
  class space    used 5586K, committed 5952K, reserved 1048576K
}
Event: 1019.811 GC heap after
{Heap after GC invocations=682 (full 596):
 PSYoungGen      total 51200K, used 26111K [0x00000000f5580000, 0x00000000fa100000, 0x0000000100000000)
  eden space 26112K, 99% used [0x00000000f5580000,0x00000000f6effff8,0x00000000f6f00000)
  from space 25088K, 0% used [0x00000000f6f00000,0x00000000f6f00000,0x00000000f8780000)
  to   space 23040K, 0% used [0x00000000f8a80000,0x00000000f8a80000,0x00000000fa100000)
 ParOldGen       total 349696K, used 349695K [0x00000000e0000000, 0x00000000f5580000, 0x00000000f5580000)
  object space 349696K, 99% used [0x00000000e0000000,0x00000000f557fd20,0x00000000f5580000)
 Metaspace       used 56810K, committed 57728K, reserved 1105920K
  class space    used 5586K, committed 5952K, reserved 1048576K
}
Event: 1019.811 GC heap before
{Heap before GC invocations=683 (full 597):
 PSYoungGen      total 51200K, used 26111K [0x00000000f5580000, 0x00000000fa100000, 0x0000000100000000)
  eden space 26112K, 99% used [0x00000000f5580000,0x00000000f6effff8,0x00000000f6f00000)
  from space 25088K, 0% used [0x00000000f6f00000,0x00000000f6f00000,0x00000000f8780000)
  to   space 23040K, 0% used [0x00000000f8a80000,0x00000000f8a80000,0x00000000fa100000)
 ParOldGen       total 349696K, used 349695K [0x00000000e0000000, 0x00000000f5580000, 0x00000000f5580000)
  object space 349696K, 99% used [0x00000000e0000000,0x00000000f557fe50,0x00000000f5580000)
 Metaspace       used 56810K, committed 57728K, reserved 1105920K
  class space    used 5586K, committed 5952K, reserved 1048576K
}
Event: 1021.223 GC heap after
{Heap after GC invocations=683 (full 597):
 PSYoungGen      total 49152K, used 26111K [0x00000000f5580000, 0x00000000fa100000, 0x0000000100000000)
  eden space 26112K, 99% used [0x00000000f5580000,0x00000000f6effff8,0x00000000f6f00000)
  from space 23040K, 0% used [0x00000000f8a80000,0x00000000f8a80000,0x00000000fa100000)
  to   space 25088K, 0% used [0x00000000f6f00000,0x00000000f6f00000,0x00000000f8780000)
 ParOldGen       total 349696K, used 349695K [0x00000000e0000000, 0x00000000f5580000, 0x00000000f5580000)
  object space 349696K, 99% used [0x00000000e0000000,0x00000000f557fd40,0x00000000f5580000)
 Metaspace       used 56810K, committed 57728K, reserved 1105920K
  class space    used 5586K, committed 5952K, reserved 1048576K
}
Event: 1021.233 GC heap before
{Heap before GC invocations=684 (full 598):
 PSYoungGen      total 49152K, used 26111K [0x00000000f5580000, 0x00000000fa100000, 0x0000000100000000)
  eden space 26112K, 99% used [0x00000000f5580000,0x00000000f6effff8,0x00000000f6f00000)
  from space 23040K, 0% used [0x00000000f8a80000,0x00000000f8a80000,0x00000000fa100000)
  to   space 25088K, 0% used [0x00000000f6f00000,0x00000000f6f00000,0x00000000f8780000)
 ParOldGen       total 349696K, used 349695K [0x00000000e0000000, 0x00000000f5580000, 0x00000000f5580000)
  object space 349696K, 99% used [0x00000000e0000000,0x00000000f557fe90,0x00000000f5580000)
 Metaspace       used 56810K, committed 57728K, reserved 1105920K
  class space    used 5586K, committed 5952K, reserved 1048576K
}
Event: 1022.598 GC heap after
{Heap after GC invocations=684 (full 598):
 PSYoungGen      total 51200K, used 26111K [0x00000000f5580000, 0x00000000fa100000, 0x0000000100000000)
  eden space 26112K, 99% used [0x00000000f5580000,0x00000000f6effff8,0x00000000f6f00000)
  from space 25088K, 0% used [0x00000000f6f00000,0x00000000f6f00000,0x00000000f8780000)
  to   space 23040K, 0% used [0x00000000f8a80000,0x00000000f8a80000,0x00000000fa100000)
 ParOldGen       total 349696K, used 349695K [0x00000000e0000000, 0x00000000f5580000, 0x00000000f5580000)
  object space 349696K, 99% used [0x00000000e0000000,0x00000000f557fd40,0x00000000f5580000)
 Metaspace       used 56810K, committed 57728K, reserved 1105920K
  class space    used 5586K, committed 5952K, reserved 1048576K
}
Event: 1022.598 GC heap before
{Heap before GC invocations=685 (full 599):
 PSYoungGen      total 51200K, used 26111K [0x00000000f5580000, 0x00000000fa100000, 0x0000000100000000)
  eden space 26112K, 99% used [0x00000000f5580000,0x00000000f6effff8,0x00000000f6f00000)
  from space 25088K, 0% used [0x00000000f6f00000,0x00000000f6f00000,0x00000000f8780000)
  to   space 23040K, 0% used [0x00000000f8a80000,0x00000000f8a80000,0x00000000fa100000)
 ParOldGen       total 349696K, used 349695K [0x00000000e0000000, 0x00000000f5580000, 0x00000000f5580000)
  object space 349696K, 99% used [0x00000000e0000000,0x00000000f557fd40,0x00000000f5580000)
 Metaspace       used 56810K, committed 57728K, reserved 1105920K
  class space    used 5586K, committed 5952K, reserved 1048576K
}
Event: 1024.002 GC heap after
{Heap after GC invocations=685 (full 599):
 PSYoungGen      total 49152K, used 26111K [0x00000000f5580000, 0x00000000fa100000, 0x0000000100000000)
  eden space 26112K, 99% used [0x00000000f5580000,0x00000000f6effff8,0x00000000f6f00000)
  from space 23040K, 0% used [0x00000000f8a80000,0x00000000f8a80000,0x00000000fa100000)
  to   space 25088K, 0% used [0x00000000f6f00000,0x00000000f6f00000,0x00000000f8780000)
 ParOldGen       total 349696K, used 349695K [0x00000000e0000000, 0x00000000f5580000, 0x00000000f5580000)
  object space 349696K, 99% used [0x00000000e0000000,0x00000000f557fd40,0x00000000f5580000)
 Metaspace       used 56810K, committed 57728K, reserved 1105920K
  class space    used 5586K, committed 5952K, reserved 1048576K
}

